c:\users\xixie\downloads\cppcheck-1.88\debug\vc120.pdb
c:\users\xixie\downloads\cppcheck-1.88\debug\vc120.idb
c:\users\xixie\downloads\cppcheck-1.88\debug\2.obj
c:\users\xixie\downloads\cppcheck-1.88\debug\3.obj
c:\users\xixie\downloads\cppcheck-1.88\debug\controlflow.obj
c:\users\xixie\downloads\cppcheck-1.88\debug\data.obj
c:\users\xixie\downloads\cppcheck-1.88\debug\functions.obj
c:\users\xixie\downloads\cppcheck-1.88\debug\leak1.obj
c:\users\xixie\downloads\cppcheck-1.88\debug\leak2.obj
c:\users\xixie\downloads\cppcheck-1.88\debug\wrong1.obj
c:\users\xixie\downloads\cppcheck-1.88\debug\wrong3.obj
c:\users\xixie\downloads\cppcheck-1.88\debug\wrong6.obj
c:\users\xixie\downloads\cppcheck-1.88\debug\wrong7.obj
c:\users\xixie\downloads\cppcheck-1.88\debug\file1.obj
c:\users\xixie\downloads\cppcheck-1.88\debug\times.obj
c:\users\xixie\downloads\cppcheck-1.88\debug\good.obj
c:\users\xixie\downloads\cppcheck-1.88\debug\bad.obj
c:\users\xixie\downloads\cppcheck-1.88\debug\bsd.obj
c:\users\xixie\downloads\cppcheck-1.88\debug\unmatchedsuppressiontest.obj
c:\users\xixie\downloads\cppcheck-1.88\debug\misra-suppressions1-test.obj
c:\users\xixie\downloads\cppcheck-1.88\debug\misra-suppressions2-test.obj
c:\users\xixie\downloads\cppcheck-1.88\debug\y2038-test-1-bad-time-bits.obj
c:\users\xixie\downloads\cppcheck-1.88\debug\y2038-test-2-no-time-bits.obj
c:\users\xixie\downloads\cppcheck-1.88\debug\y2038-test-4-good.obj
c:\users\xixie\downloads\cppcheck-1.88\debug\cmakeccompilerid.obj
c:\users\xixie\downloads\cppcheck-1.88\debug\feature_tests.obj
c:\users\xixie\downloads\cppcheck-1.88\debug\cve-2018-11360.obj
c:\users\xixie\downloads\cppcheck-1.88\debug\cve-2018-5334.obj
c:\users\xixie\downloads\cppcheck-1.88\debug\cve-2018-6836.obj
c:\users\xixie\downloads\cppcheck-1.88\debug\cpp_check.tlog\cl.command.1.tlog
c:\users\xixie\downloads\cppcheck-1.88\debug\cpp_check.tlog\cl.read.1.tlog
c:\users\xixie\downloads\cppcheck-1.88\debug\cpp_check.tlog\cl.write.1.tlog
